<?xml version="1.0" encoding="UTF-8"?>
<!-- Generated by org.testng.reporters.JUnitReportReporter -->
<testsuite skipped="0" hostname="DESKTOP-SNOP15S" name="Sample.SampleProgram" tests="1" failures="0" timestamp="15 Sep 2019 14:59:24 GMT" time="0.038" errors="0">
  <testcase name="testMethod" time="0.038" classname="Sample.SampleProgram"/>
</testsuite> <!-- Sample.SampleProgram -->
